<?xml version="1.0" encoding="UTF-8"?>
<!-- Generated by org.testng.reporters.JUnitXMLReporter -->
<testsuite ignored="0" hostname="DESKTOP-77HQL3O" failures="0" tests="1" name="Test" time="0.187" errors="0" timestamp="2022-09-08T21:08:05 IST">
  <testcase classname="vtiger.GenericUtility.BaseClass" name="@BeforeTest bcConfig" time="-1.662651485077E9">
    <failure type="org.testng.TestNGException" message="
Parameter &amp;apos;BROWSER&amp;apos; is required by BeforeTest on method bcConfig but has not been marked @Optional or defined
in C:\Users\Admin\eclipse-workspace\vtigeradvanceseleniumframework\testng.xml">
      <![CDATA[org.testng.TestNGException: 
Parameter 'BROWSER' is required by BeforeTest on method bcConfig but has not been marked @Optional or defined
in C:\Users\Admin\eclipse-workspace\vtigeradvanceseleniumframework\testng.xml
... Removed 21 stack frames]]>
    </failure>
  </testcase> <!-- @BeforeTest bcConfig -->
  <testcase classname="vtiger.GenericUtility.BaseClass" name="@BeforeMethod bmConfig" time="-1.662651485212E9">
    <skipped/>
  </testcase> <!-- @BeforeMethod bmConfig -->
  <testcase classname="vtiger.GenericUtility.BaseClass" name="@AfterMethod amConfig" time="-1.66265148524E9">
    <skipped/>
  </testcase> <!-- @AfterMethod amConfig -->
  <testcase classname="vtiger.GenericUtility.BaseClass" name="@AfterTest acConfig" time="-1.662651485257E9">
    <skipped/>
  </testcase> <!-- @AfterTest acConfig -->
  <testcase classname="Testng.CreateOrgWithIndustry" name="createOrgWithIndustryTest" time="0.0">
    <skipped/>
  </testcase> <!-- createOrgWithIndustryTest -->
</testsuite> <!-- Test -->
